# JRE version: OpenJDK Runtime Environment (8.0_152-b01) (build 1.8.0_152-release-1343-b01)
# Java VM: OpenJDK 64-Bit Server VM (25.152-b01 mixed mode windows-amd64 compressed oops)
Heap:
 PSYoungGen      total 203776K, used 200806K [0x00000000e0000000, 0x00000000f0300000, 0x0000000100000000)
  eden space 185856K, 100% used [0x00000000e0000000,0x00000000eb580000,0x00000000eb580000)
  from space 17920K, 83% used [0x00000000ec800000,0x00000000ed6999d8,0x00000000ed980000)
  to   space 18944K, 82% used [0x00000000eb580000,0x00000000ec4c3e98,0x00000000ec800000)
 ParOldGen       total 129024K, used 40826K [0x00000000a0000000, 0x00000000a7e00000, 0x00000000e0000000)
  object space 129024K, 31% used [0x00000000a0000000,0x00000000a27deba0,0x00000000a7e00000)
 Metaspace       used 81204K, capacity 83720K, committed 83928K, reserved 1122304K
  class space    used 10690K, capacity 11217K, committed 11224K, reserved 1048576K
GC Heap History (10 events):
Event: 72.836 GC heap before
{Heap before GC invocations=15 (full 3):
 PSYoungGen      total 176640K, used 6005K [0x00000000e0000000, 0x00000000ebd80000, 0x0000000100000000)
  eden space 159744K, 0% used [0x00000000e0000000,0x00000000e0000000,0x00000000e9c00000)
  from space 16896K, 35% used [0x00000000eac00000,0x00000000eb1dd560,0x00000000ebc80000)
  to   space 16384K, 0% used [0x00000000e9c00000,0x00000000e9c00000,0x00000000eac00000)
 ParOldGen       total 90112K, used 32021K [0x00000000a0000000, 0x00000000a5800000, 0x00000000e0000000)
  object space 90112K, 35% used [0x00000000a0000000,0x00000000a1f457d8,0x00000000a5800000)
 Metaspace       used 57619K, capacity 59026K, committed 59096K, reserved 1099776K
  class space    used 7755K, capacity 8102K, committed 8152K, reserved 1048576K
Event: 73.059 GC heap after
Heap after GC invocations=15 (full 3):
 PSYoungGen      total 176640K, used 0K [0x00000000e0000000, 0x00000000ebd80000, 0x0000000100000000)
  eden space 159744K, 0% used [0x00000000e0000000,0x00000000e0000000,0x00000000e9c00000)
  from space 16896K, 0% used [0x00000000eac00000,0x00000000eac00000,0x00000000ebc80000)
  to   space 16384K, 0% used [0x00000000e9c00000,0x00000000e9c00000,0x00000000eac00000)
 ParOldGen       total 129024K, used 31487K [0x00000000a0000000, 0x00000000a7e00000, 0x00000000e0000000)
  object space 129024K, 24% used [0x00000000a0000000,0x00000000a1ebfe58,0x00000000a7e00000)
 Metaspace       used 57619K, capacity 59026K, committed 59096K, reserved 1099776K
  class space    used 7755K, capacity 8102K, committed 8152K, reserved 1048576K
}
Event: 86.151 GC heap before
{Heap before GC invocations=16 (full 3):
 PSYoungGen      total 176640K, used 159744K [0x00000000e0000000, 0x00000000ebd80000, 0x0000000100000000)
  eden space 159744K, 100% used [0x00000000e0000000,0x00000000e9c00000,0x00000000e9c00000)
  from space 16896K, 0% used [0x00000000eac00000,0x00000000eac00000,0x00000000ebc80000)
  to   space 16384K, 0% used [0x00000000e9c00000,0x00000000e9c00000,0x00000000eac00000)
 ParOldGen       total 129024K, used 31487K [0x00000000a0000000, 0x00000000a7e00000, 0x00000000e0000000)
  object space 129024K, 24% used [0x00000000a0000000,0x00000000a1ebfe58,0x00000000a7e00000)
 Metaspace       used 63503K, capacity 65504K, committed 65624K, reserved 1105920K
  class space    used 8538K, capacity 9017K, committed 9048K, reserved 1048576K
Event: 86.166 GC heap after
Heap after GC invocations=16 (full 3):
 PSYoungGen      total 176128K, used 16352K [0x00000000e0000000, 0x00000000ee800000, 0x0000000100000000)
  eden space 159744K, 0% used [0x00000000e0000000,0x00000000e0000000,0x00000000e9c00000)
  from space 16384K, 99% used [0x00000000e9c00000,0x00000000eabf8148,0x00000000eac00000)
  to   space 19456K, 0% used [0x00000000ed500000,0x00000000ed500000,0x00000000ee800000)
 ParOldGen       total 129024K, used 33348K [0x00000000a0000000, 0x00000000a7e00000, 0x00000000e0000000)
  object space 129024K, 25% used [0x00000000a0000000,0x00000000a2091268,0x00000000a7e00000)
 Metaspace       used 63503K, capacity 65504K, committed 65624K, reserved 1105920K
  class space    used 8538K, capacity 9017K, committed 9048K, reserved 1048576K
}
Event: 122.988 GC heap before
{Heap before GC invocations=17 (full 3):
 PSYoungGen      total 176128K, used 176096K [0x00000000e0000000, 0x00000000ee800000, 0x0000000100000000)
  eden space 159744K, 100% used [0x00000000e0000000,0x00000000e9c00000,0x00000000e9c00000)
  from space 16384K, 99% used [0x00000000e9c00000,0x00000000eabf8148,0x00000000eac00000)
  to   space 19456K, 0% used [0x00000000ed500000,0x00000000ed500000,0x00000000ee800000)
 ParOldGen       total 129024K, used 33348K [0x00000000a0000000, 0x00000000a7e00000, 0x00000000e0000000)
  object space 129024K, 25% used [0x00000000a0000000,0x00000000a2091268,0x00000000a7e00000)
 Metaspace       used 69345K, capacity 71300K, committed 71640K, reserved 1112064K
  class space    used 9179K, capacity 9617K, committed 9688K, reserved 1048576K
Event: 123.012 GC heap after
Heap after GC invocations=17 (full 3):
 PSYoungGen      total 204800K, used 8838K [0x00000000e0000000, 0x00000000ee080000, 0x0000000100000000)
  eden space 193024K, 0% used [0x00000000e0000000,0x00000000e0000000,0x00000000ebc80000)
  from space 11776K, 75% used [0x00000000ed500000,0x00000000edda1a68,0x00000000ee080000)
  to   space 18432K, 0% used [0x00000000ebc80000,0x00000000ebc80000,0x00000000ece80000)
 ParOldGen       total 129024K, used 40802K [0x00000000a0000000, 0x00000000a7e00000, 0x00000000e0000000)
  object space 129024K, 31% used [0x00000000a0000000,0x00000000a27d8ba0,0x00000000a7e00000)
 Metaspace       used 69345K, capacity 71300K, committed 71640K, reserved 1112064K
  class space    used 9179K, capacity 9617K, committed 9688K, reserved 1048576K
}
Event: 153.695 GC heap before
{Heap before GC invocations=18 (full 3):
 PSYoungGen      total 204800K, used 201862K [0x00000000e0000000, 0x00000000ee080000, 0x0000000100000000)
  eden space 193024K, 100% used [0x00000000e0000000,0x00000000ebc80000,0x00000000ebc80000)
  from space 11776K, 75% used [0x00000000ed500000,0x00000000edda1a68,0x00000000ee080000)
  to   space 18432K, 0% used [0x00000000ebc80000,0x00000000ebc80000,0x00000000ece80000)
 ParOldGen       total 129024K, used 40802K [0x00000000a0000000, 0x00000000a7e00000, 0x00000000e0000000)
  object space 129024K, 31% used [0x00000000a0000000,0x00000000a27d8ba0,0x00000000a7e00000)
 Metaspace       used 73483K, capacity 75682K, committed 75864K, reserved 1114112K
  class space    used 9771K, capacity 10267K, committed 10328K, reserved 1048576K
Event: 153.711 GC heap after
Heap after GC invocations=18 (full 3):
 PSYoungGen      total 197120K, used 10084K [0x00000000e0000000, 0x00000000ed980000, 0x0000000100000000)
  eden space 186880K, 0% used [0x00000000e0000000,0x00000000e0000000,0x00000000eb680000)
  from space 10240K, 98% used [0x00000000ebc80000,0x00000000ec659280,0x00000000ec680000)
  to   space 17920K, 0% used [0x00000000ec800000,0x00000000ec800000,0x00000000ed980000)
 ParOldGen       total 129024K, used 40810K [0x00000000a0000000, 0x00000000a7e00000, 0x00000000e0000000)
  object space 129024K, 31% used [0x00000000a0000000,0x00000000a27daba0,0x00000000a7e00000)
 Metaspace       used 73483K, capacity 75682K, committed 75864K, reserved 1114112K
  class space    used 9771K, capacity 10267K, committed 10328K, reserved 1048576K
}
Event: 155.974 GC heap before
{Heap before GC invocations=19 (full 3):
 PSYoungGen      total 197120K, used 196964K [0x00000000e0000000, 0x00000000ed980000, 0x0000000100000000)
  eden space 186880K, 100% used [0x00000000e0000000,0x00000000eb680000,0x00000000eb680000)
  from space 10240K, 98% used [0x00000000ebc80000,0x00000000ec659280,0x00000000ec680000)
  to   space 17920K, 0% used [0x00000000ec800000,0x00000000ec800000,0x00000000ed980000)
 ParOldGen       total 129024K, used 40810K [0x00000000a0000000, 0x00000000a7e00000, 0x00000000e0000000)
  object space 129024K, 31% used [0x00000000a0000000,0x00000000a27daba0,0x00000000a7e00000)
 Metaspace       used 77350K, capacity 79664K, committed 79960K, reserved 1118208K
  class space    used 10267K, capacity 10785K, committed 10840K, reserved 1048576K
Event: 155.990 GC heap after
Heap after GC invocations=19 (full 3):
 PSYoungGen      total 203776K, used 14950K [0x00000000e0000000, 0x00000000f0300000, 0x0000000100000000)
  eden space 185856K, 0% used [0x00000000e0000000,0x00000000e0000000,0x00000000eb580000)
  from space 17920K, 83% used [0x00000000ec800000,0x00000000ed6999d8,0x00000000ed980000)
  to   space 18944K, 0% used [0x00000000eb580000,0x00000000eb580000,0x00000000ec800000)
 ParOldGen       total 129024K, used 40818K [0x00000000a0000000, 0x00000000a7e00000, 0x00000000e0000000)
  object space 129024K, 31% used [0x00000000a0000000,0x00000000a27dcba0,0x00000000a7e00000)
 Metaspace       used 77350K, capacity 79664K, committed 79960K, reserved 1118208K
  class space    used 10267K, capacity 10785K, committed 10840K, reserved 1048576K
}

